<?xml version="1.0" encoding="UTF-8"?>
<!-- Generated by org.testng.reporters.JUnitReportReporter -->
<testsuite skipped="0" hostname="danksh-PC" name="com.orangehrm.tests.LoginTests" tests="2" failures="0" timestamp="28 Feb 2020 17:30:12 GMT" time="55.739" errors="0">
  <testcase name="TC1VerifyValidAdminUser" time="27.399" classname="com.orangehrm.tests.LoginTests"/>
  <testcase name="TC1VerifyValidAdminUser" time="28.340" classname="com.orangehrm.tests.LoginTests"/>
</testsuite> <!-- com.orangehrm.tests.LoginTests -->
